  fileWriter_P2.cpp
  fileWriter_P2.vcxproj -> C:\Users\Asus\source\repos\OS2\Debug\fileWriter_P2.exe

Итоги по проекту:
     6922 мс вызовов   1 C:\Users\Asus\source\repos\OS2\fileWriter_P2\fileWriter_P2.vcxproj
               6922 мс вызовов   1 Build                                   

Итоги по целям:
        0 мс вызовов   1 _ResourceCompile                        
        0 мс вызовов   1 PrepareResourceNames                    
        0 мс вызовов   1 CreateCustomManifestResourceNames       
        0 мс вызовов   1 ComputeLinkInputsFromProject            
        0 мс вызовов   1 ComputeCLGeneratedLinkInputs            
        0 мс вызовов   1 ComputeManifestGeneratedLinkerInputs    
        0 мс вызовов   1 ComputeRCGeneratedLinkInputs            
        0 мс вызовов   1 ComputeRCOutputs                        
        0 мс вызовов   1 BeforeLink                              
        0 мс вызовов   1 BuildLinkTraverse                       
        0 мс вызовов   1 BuildCompile                            
        0 мс вызовов   1 _BuildCompileAction                     
        0 мс вызовов   1 AfterBuildCompileEvent                  
        0 мс вызовов   1 AfterResourceCompile                    
        0 мс вызовов   1 BeforeResourceCompile                   
        0 мс вызовов   1 _ClCompile                              
        0 мс вызовов   1 AfterClCompile                          
        0 мс вызовов   1 SelectClCompile                         
        0 мс вызовов   1 PreLinkEvent                            
        0 мс вызовов   1 AfterLink                               
        0 мс вызовов   1 _Link                                   
        0 мс вызовов   1 _ALink                                  
        0 мс вызовов   1 AfterBuild                              
        0 мс вызовов   1 BuildLink                               
        0 мс вызовов   1 _BuildLinkAction                        
        0 мс вызовов   1 PostBuildEvent                          
        0 мс вызовов   1 PrepareForRun                           
        0 мс вызовов   1 _CopySourceItemsToOutputDirectory       
        0 мс вызовов   1 GetCopyToOutputDirectoryXamlAppDefs     
        0 мс вызовов   1 _PopulateCommonStateForGetCopyToOutputDirectoryItems
        0 мс вызовов   1 ComputeReferenceCLInput                 
        0 мс вызовов   1 _Deploy                                 
        0 мс вызовов   1 CreateSatelliteAssemblies               
        0 мс вызовов   1 _GenerateSatelliteAssemblyInputs        
        0 мс вызовов   1 _BscMake                                
        0 мс вызовов   1 MakeDirsForBscMake                      
        0 мс вызовов   1 _XdcMake                                
        0 мс вызовов   1 MakeDirsForXdcMake                      
        0 мс вызовов   1 ResolvedXDCMake                         
        0 мс вызовов   1 _Manifest                               
        0 мс вызовов   1 _Appverifier                            
        0 мс вызовов   1 FindReferenceAssembliesForReferences    
        0 мс вызовов   1 Build                                   
        0 мс вызовов   1 BeforeClCompile                         
        0 мс вызовов   1 GetResolvedWinMD                        
        0 мс вызовов   1 SetCABuildNativeEnvironmentVariables    
        0 мс вызовов   1 ResolveSDKReferences                    
        0 мс вызовов   1 AfterResolveReferences                  
        0 мс вызовов   1 ResolveReferences                       
        0 мс вызовов   1 BeforeBuildGenerateSources              
        0 мс вызовов   1 PreBuildEvent                           
        0 мс вызовов   1 _SelectedFiles                          
        0 мс вызовов   1 SelectCustomBuild                       
        0 мс вызовов   1 _Xsd                                    
        0 мс вызовов   1 MakeDirsForMidl                         
        0 мс вызовов   1 ComputeMIDLGeneratedCompileInputs       
        0 мс вызовов   1 PrepareProjectReferences                
        0 мс вызовов   1 BeforeResolveReferences                 
        0 мс вызовов   1 AfterMidl                               
        0 мс вызовов   1 BuildGenerateSources                    
        0 мс вызовов   1 _BuildGenerateSourcesAction             
        0 мс вызовов   1 AfterBuildGenerateSourcesEvent          
        0 мс вызовов   1 AfterBuildGenerateSources               
        0 мс вызовов   1 BuildCompileTraverse                    
        0 мс вызовов   1 _Midl                                   
        1 мс вызовов   1 SetBuildDefaultEnvironmentVariables     
        1 мс вызовов   1 ComputeCustomBuildOutput                
        1 мс вызовов   1 CopyFileToFolders                       
        1 мс вызовов   1 GetFrameworkPaths                       
        1 мс вызовов   1 ComputeCLInputPDBName                   
        1 мс вызовов   1 ComputeCLCompileGeneratedSbrFiles       
        1 мс вызовов   1 _CheckForCompileOutputs                 
        1 мс вызовов   1 _SplitProjectReferencesByFileExistence  
        1 мс вызовов   1 FixupCLCompileOptions                   
        1 мс вызовов   1 RegisterOutput                          
        1 мс вызовов   1 _CheckWindowsSDKInstalled               
        1 мс вызовов   1 _GetCopyToOutputDirectoryItemsFromTransitiveProjectReferences
        1 мс вызовов   1 ExpandSDKReferences                     
        1 мс вызовов   1 ResolveAssemblyReferences               
        1 мс вызовов   1 DoLinkOutputFilesMatch                  
        1 мс вызовов   1 CopyFilesToOutputDirectory              
        1 мс вызовов   1 _GetCopyToOutputDirectoryItemsFromThisProject
        1 мс вызовов   1 SplitResourcesByCulture                 
        1 мс вызовов   1 ComputeLinkImportLibraryOutputsForClean 
        1 мс вызовов   1 ComputeManifestInputsTargets            
        1 мс вызовов   1 BuildGenerateSourcesTraverse            
        1 мс вызовов   1 _PrepareForReferenceResolution          
        1 мс вызовов   1 MakeDirsForResourceCompile              
        1 мс вызовов   1 GetReferenceAssemblyPaths               
        1 мс вызовов   1 ComputeCLCompileGeneratedXDCFiles       
        2 мс вызовов   1 AssignTargetPaths                       
        2 мс вызовов   1 MakeDirsForLink                         
        2 мс вызовов   1 IncrementalClean                        
        2 мс вызовов   1 _GetProjectReferenceTargetFrameworkProperties
        2 мс вызовов   1 _PrepareForBuild                        
        2 мс вызовов   1 ComputeCLOutputs                        
        5 мс вызовов   1 _CleanGetCurrentAndPriorFileWrites      
        5 мс вызовов   1 FinalizeBuildStatus                     
        5 мс вызовов   1 GetCopyToOutputDirectoryItems           
        6 мс вызовов   1 AssignProjectConfiguration              
        7 мс вызовов   1 ComputeLinkSwitches                     
       12 мс вызовов   1 MakeDirsForCl                           
       12 мс вызовов   1 WarnCompileDuplicatedFilename           
       13 мс вызовов   1 CustomBuild                             
       16 мс вызовов   1 SetTelemetryEnvironmentVariables        
       30 мс вызовов   1 PrepareForBuild                         
       33 мс вызовов   1 InitializeBuildStatus                   
       36 мс вызовов   1 ComputeLegacyManifestEmbedding          
       43 мс вызовов   1 ResolveProjectReferences                
       57 мс вызовов   1 _CheckForInvalidConfigurationAndPlatform
     1394 мс вызовов   1 Link                                    
     5200 мс вызовов   1 ClCompile                               

Итоги по задачам:
        1 мс вызовов   2 RemoveDuplicates                        
        1 мс вызовов   1 ConvertToAbsolutePath                   
        1 мс вызовов   1 AssignCulture                           
        1 мс вызовов   1 MSBuild                                 
        2 мс вызовов   2 Delete                                  
        2 мс вызовов   7 AssignTargetPath                        
        2 мс вызовов   2 ReadLinesFromFile                       
        2 мс вызовов   1 CheckVCToolsetVersion                   
        2 мс вызовов   1 WriteLinesToFile                        
        3 мс вызовов   9 MakeDir                                 
        3 мс вызовов   5 FindUnderPath                           
        4 мс вызовов   2 CallTarget                              
        5 мс вызовов   8 SetEnv                                  
        6 мс вызовов   1 AssignProjectConfiguration              
        8 мс вызовов   3 Message                                 
       14 мс вызовов   3 GetOutOfDateItems                       
       30 мс вызовов   2 Touch                                   
     1388 мс вызовов   1 Link                                    
     5198 мс вызовов   1 CL                                      
